<?xml version="1.0" encoding="UTF-8"?>
<!-- Generated by org.testng.reporters.JUnitReportReporter -->
<testsuite hostname="EPRURYAW0075" name="com.epam.vyacheslav_utenkov.java.lesson7.MailTest" tests="9" failures="0" timestamp="11 Aug 2016 10:54:39 GMT" time="41.222" errors="0">
  <testcase name="writeMessage" time="11.696" classname="com.epam.vyacheslav_utenkov.java.lesson7.MailTest"/>
  <testcase name="deleteDrafts" time="0.936" classname="com.epam.vyacheslav_utenkov.java.lesson7.MailTest"/>
  <testcase name="deleteSelectedDraft" time="0.135" classname="com.epam.vyacheslav_utenkov.java.lesson7.MailTest"/>
  <testcase name="exit" time="0.429" classname="com.epam.vyacheslav_utenkov.java.lesson7.MailTest"/>
  <testcase name="sighInMail" time="1.491" classname="com.epam.vyacheslav_utenkov.java.lesson7.MailTest"/>
  <testcase name="deleteDrafts" time="0.609" classname="com.epam.vyacheslav_utenkov.java.lesson7.MailTest"/>
  <testcase name="deleteDrafts" time="0.609" classname="com.epam.vyacheslav_utenkov.java.lesson7.MailTest"/>
  <testcase name="writeMessage" time="13.413" classname="com.epam.vyacheslav_utenkov.java.lesson7.MailTest"/>
  <testcase name="writeMessage" time="11.904" classname="com.epam.vyacheslav_utenkov.java.lesson7.MailTest"/>
</testsuite> <!-- com.epam.vyacheslav_utenkov.java.lesson7.MailTest -->
