<?xml version="1.0" encoding="UTF-8"?>
<!-- Generated by org.testng.reporters.JUnitReportReporter -->
<testsuite hostname="EPRURYAW0075" name="com.epam.vyacheslav_utenkov.java.lesson7.advanced.YandexMailTest" tests="7" failures="0" timestamp="28 Sep 2016 11:12:19 GMT" time="30.275" errors="0">
  <testcase name="sendMessagesTest" time="4.359" classname="com.epam.vyacheslav_utenkov.java.lesson7.advanced.YandexMailTest"/>
  <testcase name="sendMessagesTest" time="4.440" classname="com.epam.vyacheslav_utenkov.java.lesson7.advanced.YandexMailTest"/>
  <testcase name="deleteMessage" time="3.522" classname="com.epam.vyacheslav_utenkov.java.lesson7.advanced.YandexMailTest"/>
  <testcase name="loginTest" time="6.342" classname="com.epam.vyacheslav_utenkov.java.lesson7.advanced.YandexMailTest"/>
  <testcase name="deleteMessage" time="3.642" classname="com.epam.vyacheslav_utenkov.java.lesson7.advanced.YandexMailTest"/>
  <testcase name="sendMessagesTest" time="4.360" classname="com.epam.vyacheslav_utenkov.java.lesson7.advanced.YandexMailTest"/>
  <testcase name="deleteMessage" time="3.610" classname="com.epam.vyacheslav_utenkov.java.lesson7.advanced.YandexMailTest"/>
</testsuite> <!-- com.epam.vyacheslav_utenkov.java.lesson7.advanced.YandexMailTest -->
