<?xml version="1.0" encoding="UTF-8"?>
<!-- Generated by org.testng.reporters.JUnitReportReporter -->
<testsuite hostname="EPRURYAW0075" name="com.epam.vyacheslav_utenkov.java.lesson7.advanced.YandexMailTest" tests="7" failures="0" timestamp="29 Sep 2016 06:58:40 GMT" time="26.853" errors="0">
  <testcase name="loginTest" time="4.356" classname="com.epam.vyacheslav_utenkov.java.lesson7.advanced.YandexMailTest"/>
  <testcase name="deleteMessage" time="3.536" classname="com.epam.vyacheslav_utenkov.java.lesson7.advanced.YandexMailTest"/>
  <testcase name="deleteMessage" time="2.396" classname="com.epam.vyacheslav_utenkov.java.lesson7.advanced.YandexMailTest"/>
  <testcase name="deleteMessage" time="3.577" classname="com.epam.vyacheslav_utenkov.java.lesson7.advanced.YandexMailTest"/>
  <testcase name="sendMessagesTest" time="4.058" classname="com.epam.vyacheslav_utenkov.java.lesson7.advanced.YandexMailTest"/>
  <testcase name="sendMessagesTest" time="4.760" classname="com.epam.vyacheslav_utenkov.java.lesson7.advanced.YandexMailTest"/>
  <testcase name="sendMessagesTest" time="4.170" classname="com.epam.vyacheslav_utenkov.java.lesson7.advanced.YandexMailTest"/>
</testsuite> <!-- com.epam.vyacheslav_utenkov.java.lesson7.advanced.YandexMailTest -->
