<?xml version="1.0" encoding="UTF-8"?>
<!-- Generated by org.testng.reporters.JUnitReportReporter -->
<testsuite hostname="DESKTOP-QQM0U3Q" name="com.epam.vyacheslav_utenkov.java.lesson7.SendVKMessage" tests="1" failures="0" timestamp="6 Aug 2016 16:08:14 GMT" time="14.621" errors="0">
  <testcase name="actionInBrowser" time="14.621" classname="com.epam.vyacheslav_utenkov.java.lesson7.SendVKMessage"/>
</testsuite> <!-- com.epam.vyacheslav_utenkov.java.lesson7.SendVKMessage -->
