<?xml version="1.0" encoding="UTF-8"?>
<!-- Generated by org.testng.reporters.JUnitReportReporter -->
<testsuite hostname="EPRURYAW0075" name="com.epam.vyacheslav_utenkov.java.lesson7.YandexMailTest" tests="4" failures="0" timestamp="18 Aug 2016 09:55:10 GMT" time="77.460" errors="0">
  <testcase name="sendMessagesTest" time="56.726" classname="com.epam.vyacheslav_utenkov.java.lesson7.YandexMailTest"/>
  <testcase name="sendMessagesTest" time="10.185" classname="com.epam.vyacheslav_utenkov.java.lesson7.YandexMailTest"/>
  <testcase name="sendMessagesTest" time="9.930" classname="com.epam.vyacheslav_utenkov.java.lesson7.YandexMailTest"/>
  <testcase name="exitFromMail" time="0.619" classname="com.epam.vyacheslav_utenkov.java.lesson7.YandexMailTest"/>
</testsuite> <!-- com.epam.vyacheslav_utenkov.java.lesson7.YandexMailTest -->
